c:\users\new\source\repos\plantmotion\plantmotion\debug\plantmotion.pch
c:\users\new\source\repos\plantmotion\plantmotion\debug\vc141.pdb
c:\users\new\source\repos\plantmotion\plantmotion\debug\vc141.idb
c:\users\new\source\repos\plantmotion\plantmotion\debug\pch.obj
c:\users\new\source\repos\plantmotion\plantmotion\debug\viewtree.obj
c:\users\new\source\repos\plantmotion\plantmotion\debug\propertieswnd.obj
c:\users\new\source\repos\plantmotion\plantmotion\debug\plantmotionview.obj
c:\users\new\source\repos\plantmotion\plantmotion\debug\plantmotiondoc.obj
c:\users\new\source\repos\plantmotion\plantmotion\debug\plantmotion.obj
c:\users\new\source\repos\plantmotion\plantmotion\debug\outputwnd.obj
c:\users\new\source\repos\plantmotion\plantmotion\debug\mainfrm.obj
c:\users\new\source\repos\plantmotion\plantmotion\debug\fileview.obj
c:\users\new\source\repos\plantmotion\plantmotion\debug\classview.obj
c:\users\new\source\repos\plantmotion\debug\plantmotion.exe
c:\users\new\source\repos\plantmotion\debug\plantmotion.ilk
c:\users\new\source\repos\plantmotion\debug\plantmotion.pdb
c:\users\new\source\repos\plantmotion\plantmotion\debug\plantmotion.res
c:\users\new\source\repos\plantmotion\plantmotion\debug\plantmotion.tlog\cl.command.1.tlog
c:\users\new\source\repos\plantmotion\plantmotion\debug\plantmotion.tlog\cl.read.1.tlog
c:\users\new\source\repos\plantmotion\plantmotion\debug\plantmotion.tlog\cl.write.1.tlog
c:\users\new\source\repos\plantmotion\plantmotion\debug\plantmotion.tlog\link.command.1.tlog
c:\users\new\source\repos\plantmotion\plantmotion\debug\plantmotion.tlog\link.read.1.tlog
c:\users\new\source\repos\plantmotion\plantmotion\debug\plantmotion.tlog\link.write.1.tlog
c:\users\new\source\repos\plantmotion\plantmotion\debug\plantmotion.tlog\rc.command.1.tlog
c:\users\new\source\repos\plantmotion\plantmotion\debug\plantmotion.tlog\rc.read.1.tlog
c:\users\new\source\repos\plantmotion\plantmotion\debug\plantmotion.tlog\rc.write.1.tlog
